
           ___      .______        ______  __    __  .______      
          /   \     |   _  \      /      ||  |  |  | |   _  \     
         /  ^  \    |  |_)  |    |  ,----'|  |__|  | |  |_)  |    
        /  /_\  \   |      /     |  |     |   __   | |      /     
       /  _____  \  |  |\  \\___ |  `----.|  |  |  | |  |\  \\___.
      /__/     \__\ | _| `._____| \______||__|  |__| | _| `._____|
    
Logging With ArchR!

Start Time : 2025-10-28 15:46:17.560236

------- ArchR Info

ArchRThreads = 14
ArchRGenome = Hg38

------- System Info

Computer OS = unix
Total Cores = 28

------- Session Info

R version 4.4.0 (2024-04-24)
Platform: x86_64-pc-linux-gnu
Running under: AlmaLinux 8.10 (Cerulean Leopard)

Matrix products: default
BLAS/LAPACK: FlexiBLAS NETLIB;  LAPACK version 3.11.0

Random number generation:
 RNG:     L'Ecuyer-CMRG 
 Normal:  Inversion 
 Sample:  Rejection 
 
locale:
 [1] LC_CTYPE=en_US.UTF-8       LC_NUMERIC=C               LC_TIME=en_US.UTF-8       
 [4] LC_COLLATE=en_US.UTF-8     LC_MONETARY=en_US.UTF-8    LC_MESSAGES=en_US.UTF-8   
 [7] LC_PAPER=en_US.UTF-8       LC_NAME=C                  LC_ADDRESS=C              
[10] LC_TELEPHONE=C             LC_MEASUREMENT=en_US.UTF-8 LC_IDENTIFICATION=C       

time zone: America/New_York
tzcode source: system (glibc)

attached base packages:
 [1] parallel  stats4    grid      stats     graphics  grDevices utils     datasets  methods  
[10] base     

other attached packages:
 [1] Giotto_4.2.2                      GiottoClass_0.4.9                
 [3] uwot_0.2.2                        nabor_0.5.0                      
 [5] Seurat_5.0.3                      SeuratObject_5.2.0               
 [7] sp_2.1-4                          BSgenome.Hsapiens.UCSC.hg38_1.4.5
 [9] BSgenome_1.74.0                   rtracklayer_1.66.0               
[11] BiocIO_1.16.0                     Biostrings_2.74.1                
[13] XVector_0.46.0                    rhdf5_2.50.2                     
[15] SummarizedExperiment_1.36.0       Biobase_2.66.0                   
[17] RcppArmadillo_15.0.1-1            Rcpp_1.0.13                      
[19] Matrix_1.7-0                      GenomicRanges_1.58.0             
[21] GenomeInfoDb_1.42.3               IRanges_2.40.1                   
[23] S4Vectors_0.44.0                  BiocGenerics_0.52.0              
[25] sparseMatrixStats_1.18.0          MatrixGenerics_1.18.1            
[27] matrixStats_1.4.1                 data.table_1.16.2                
[29] stringr_1.5.1                     plyr_1.8.9                       
[31] magrittr_2.0.3                    ggplot2_4.0.0                    
[33] gtable_0.3.6                      gtools_3.9.5                     
[35] gridExtra_2.3                     usethis_3.0.0                    
[37] ArchR_1.0.3                       readr_2.1.5                      

loaded via a namespace (and not attached):
  [1] RcppAnnoy_0.0.22            splines_4.4.0               later_1.3.2                
  [4] bitops_1.0-9                tibble_3.2.1                polyclip_1.10-7            
  [7] XML_3.99-0.17               fastDummies_1.7.4           lifecycle_1.0.4            
 [10] globals_0.16.3              lattice_0.22-6              MASS_7.3-60.2              
 [13] backports_1.5.0             plotly_4.10.4               rmarkdown_2.30             
 [16] yaml_2.3.8                  httpuv_1.6.15               sctransform_0.4.2          
 [19] spam_2.11-1                 spatstat.sparse_3.1-0       reticulate_1.39.0          
 [22] cowplot_1.1.3               pbapply_1.7-2               RColorBrewer_1.1-3         
 [25] abind_1.4-8                 zlibbioc_1.52.0             Rtsne_0.17                 
 [28] purrr_1.0.2                 ggraph_2.2.1                RCurl_1.98-1.16            
 [31] tweenr_2.0.3                GenomeInfoDbData_1.2.13     ggrepel_0.9.6              
 [34] irlba_2.3.5.1               listenv_0.9.1               spatstat.utils_3.1-0       
 [37] terra_1.8-72                goftest_1.2-3               RSpectra_0.16-2            
 [40] spatstat.random_3.3-2       fitdistrplus_1.2-1          parallelly_1.38.0          
 [43] colorRamp2_0.1.0            leiden_0.4.3.1              codetools_0.2-20           
 [46] DelayedArray_0.32.0         ggforce_0.4.2               tidyselect_1.2.1           
 [49] UCSC.utils_1.2.0            farver_2.1.2                viridis_0.6.5              
 [52] spatstat.explore_3.3-3      GenomicAlignments_1.42.0    jsonlite_1.8.9             
 [55] BiocNeighbors_1.22.0        tidygraph_1.3.1             ellipsis_0.3.2             
 [58] progressr_0.15.0            ggridges_0.5.6              survival_3.6-4             
 [61] tools_4.4.0                 ica_1.0-3                   glue_1.8.0                 
 [64] SparseArray_1.6.2           xfun_0.43                   dplyr_1.1.4                
 [67] withr_3.0.2                 fastmap_1.1.1               bluster_1.14.0             
 [70] rhdf5filters_1.18.1         fansi_1.0.6                 digest_0.6.35              
 [73] R6_2.5.1                    mime_0.12                   colorspace_2.1-1           
 [76] scattermore_1.2             Cairo_1.6-2                 tensor_1.5                 
 [79] dichromat_2.0-0.1           spatstat.data_3.1-2         utf8_1.2.4                 
 [82] tidyr_1.3.1                 generics_0.1.3              graphlayouts_1.1.1         
 [85] httr_1.4.7                  htmlwidgets_1.6.4           S4Arrays_1.6.0             
 [88] pkgconfig_2.0.3             GiottoVisuals_0.2.13        lmtest_0.9-40              
 [91] S7_0.2.0                    SingleCellExperiment_1.26.0 htmltools_0.5.8.1          
 [94] dotCall64_1.2               scales_1.4.0                GiottoUtils_0.2.5          
 [97] png_0.1-8                   SpatialExperiment_1.14.0    spatstat.univar_3.0-1      
[100] knitr_1.46                  rstudioapi_0.16.0           tzdb_0.4.0                 
[103] reshape2_1.4.4              rjson_0.2.23                checkmate_2.3.3            
[106] nlme_3.1-164                curl_5.2.3                  cachem_1.0.8               
[109] zoo_1.8-12                  KernSmooth_2.23-22          miniUI_0.1.1.1             
[112] restfulr_0.0.15             pillar_1.9.0                vctrs_0.6.5                
[115] RANN_2.6.2                  promises_1.3.0              xtable_1.8-4               
[118] cluster_2.1.6               evaluate_1.0.5              magick_2.8.3               
[121] cli_3.6.5                   compiler_4.4.0              Rsamtools_2.22.0           
[124] rlang_1.1.6                 crayon_1.5.3                future.apply_1.11.3        
[127] labeling_0.4.3              fs_1.6.4                    stringi_1.8.4              
[130] viridisLite_0.4.2           deldir_2.0-4                BiocParallel_1.40.2        
[133] lazyeval_0.2.2              spatstat.geom_3.3-3         RcppHNSW_0.6.0             
[136] hms_1.1.3                   patchwork_1.3.0             future_1.34.0              
[139] Rhdf5lib_1.28.0             shiny_1.9.1                 ROCR_1.0-11                
[142] memoise_2.0.1               igraph_2.0.3               


------- Log Info


2025-10-28 15:46:24.224794 : getMatrixFromProject Input-Parameters, Class = list

getMatrixFromProject Input-Parameters$ArchRProj: length = 1

getMatrixFromProject Input-Parameters$useMatrix: length = 1
[1] "GeneScoreMatrix"


getMatrixFromProject Input-Parameters$useSeqnames: length = 0
NULL


getMatrixFromProject Input-Parameters$excludeChr: length = 0
NULL


getMatrixFromProject Input-Parameters$verbose: length = 1
[1] TRUE


getMatrixFromProject Input-Parameters$binarize: length = 1
[1] FALSE


getMatrixFromProject Input-Parameters$threads: length = 1
[1] 14


getMatrixFromProject Input-Parameters$logFile: length = 1
[1] "ArchRLogs/ArchR-getMatrixFromProject-1a3d603d66b168-Date-2025-10-28_Time-15-46-17.557251.log"


2025-10-28 15:46:30.030363 : Reading GeneScoreMatrix : Deepseq(1 of 2), 0.208 mins elapsed.

2025-10-28 15:46:30.098604 : getMatrixFromArrow Input-Parameters, Class = list

getMatrixFromArrow Input-Parameters$ArrowFile: length = 1
                                                                                                             Deepseq 
"/projectnb/paxlab/yeting/SpatialATACseq/results/preprocessed/D01942_filtered_ArchR_Output/ArrowFiles/Deepseq.arrow" 


getMatrixFromArrow Input-Parameters$useMatrix: length = 1
[1] "GeneScoreMatrix"


getMatrixFromArrow Input-Parameters$useSeqnames: length = 0
NULL


getMatrixFromArrow Input-Parameters$excludeChr: length = 0
NULL


getMatrixFromArrow Input-Parameters$cellNames: length = 16155
[1] "Deepseq#TCTCGGAATGAGTAGC-1" "Deepseq#ATCCATCGATGCAACC-1" "Deepseq#CTGCAGATTGAGTAGC-1"
[4] "Deepseq#TAGTCTCCATGCAACC-1" "Deepseq#TACTGGACATGCAACC-1" "Deepseq#ACCATGGATGAGTAGC-1"


getMatrixFromArrow Input-Parameters$ArchRProj: length = 1

getMatrixFromArrow Input-Parameters$verbose: length = 1
[1] FALSE


getMatrixFromArrow Input-Parameters$binarize: length = 1
[1] FALSE


getMatrixFromArrow Input-Parameters$logFile: length = 1
[1] "ArchRLogs/ArchR-getMatrixFromProject-1a3d603d66b168-Date-2025-10-28_Time-15-46-17.557251.log"


2025-10-28 15:46:30.307824 : Reading GeneScoreMatrix : Lowseq(2 of 2), 0.213 mins elapsed.

2025-10-28 15:46:30.368434 : getMatrixFromArrow Input-Parameters, Class = list

getMatrixFromArrow Input-Parameters$ArrowFile: length = 1
                                                                                                             Lowseq 
"/projectnb/paxlab/yeting/SpatialATACseq/results/preprocessed/D01942_filtered_ArchR_Output/ArrowFiles/Lowseq.arrow" 


getMatrixFromArrow Input-Parameters$useMatrix: length = 1
[1] "GeneScoreMatrix"


getMatrixFromArrow Input-Parameters$useSeqnames: length = 0
NULL


getMatrixFromArrow Input-Parameters$excludeChr: length = 0
NULL


getMatrixFromArrow Input-Parameters$cellNames: length = 15520
[1] "Lowseq#TCTCGGAATGAGTAGC-1" "Lowseq#TAGTCTCCATGCAACC-1" "Lowseq#TACTGGACATGCAACC-1"
[4] "Lowseq#ATCCATCGATGCAACC-1" "Lowseq#CTGCAGATTGAGTAGC-1" "Lowseq#ACCTTCGTATGCAACC-1"


getMatrixFromArrow Input-Parameters$ArchRProj: length = 1

getMatrixFromArrow Input-Parameters$verbose: length = 1
[1] FALSE


getMatrixFromArrow Input-Parameters$binarize: length = 1
[1] FALSE


getMatrixFromArrow Input-Parameters$logFile: length = 1
[1] "ArchRLogs/ArchR-getMatrixFromProject-1a3d603d66b168-Date-2025-10-28_Time-15-46-17.557251.log"



2025-10-28 15:46:30.535335 : featureDF Deepseq, Class = DFrame
DataFrame with 24919 rows and 6 columns
      seqnames     start       end    strand         name       idx
         <Rle> <integer> <integer> <integer>  <character> <integer>
1         chr1     69091     70008         1        OR4F5         1
2         chr1    140339    139790         2    LOC729737         2
3         chr1    629010    585990         2 LOC101928626         3
4         chr1    817371    819837         1       FAM87B         4
5         chr1    825138    859446         1    LINC01128         5
...        ...       ...       ...       ...          ...       ...
24915     chrX 155264589 155258241         2       RAB39B       952
24916     chrX 155334657 155276211         2        CLIC2       953
24917     chrX 155380787 155381134         1       H2AFB1       954
24918     chrX 155382115 155383230         1         F8A2       955
24919     chrX 155669944 155490115         2        TMLHE       956

2025-10-28 15:46:30.586979 : Getting GeneScoreMatrix from ArrowFile : Deepseq.arrow, 0.008 mins elapsed.

2025-10-28 15:46:30.813519 : featureDF Lowseq, Class = DFrame
DataFrame with 24919 rows and 6 columns
      seqnames     start       end    strand         name       idx
         <Rle> <integer> <integer> <integer>  <character> <integer>
1         chr1     69091     70008         1        OR4F5         1
2         chr1    140339    139790         2    LOC729737         2
3         chr1    629010    585990         2 LOC101928626         3
4         chr1    817371    819837         1       FAM87B         4
5         chr1    825138    859446         1    LINC01128         5
...        ...       ...       ...       ...          ...       ...
24915     chrX 155264589 155258241         2       RAB39B       952
24916     chrX 155334657 155276211         2        CLIC2       953
24917     chrX 155380787 155381134         1       H2AFB1       954
24918     chrX 155382115 155383230         1         F8A2       955
24919     chrX 155669944 155490115         2        TMLHE       956

2025-10-28 15:46:30.864154 : Getting GeneScoreMatrix from ArrowFile : Lowseq.arrow, 0.008 mins elapsed.

2025-10-28 15:48:02.997536 : mat Lowseq, Class = dgCMatrix
mat Lowseq: nRows = 24919, nCols = 15520
mat Lowseq: NonZeroEntries = 240467180, EntryRange = [ 0.005 , 147.815 ]
5 x 5 sparse Matrix of class "dgCMatrix"
     Lowseq#TCTCGGAATGAGTAGC-1 Lowseq#TAGTCTCCATGCAACC-1 Lowseq#TACTGGACATGCAACC-1
[1,]                     .                         .                          .   
[2,]                     .                         .                          .   
[3,]                     .                         .                          .   
[4,]                     0.087                     0.175                      .   
[5,]                     0.219                     0.286                      0.22
     Lowseq#ATCCATCGATGCAACC-1 Lowseq#CTGCAGATTGAGTAGC-1
[1,]                     .                         .    
[2,]                     .                         .    
[3,]                     .                         .    
[4,]                     .                         0.078
[5,]                     0.234                     0.193


2025-10-28 15:48:05.333035 : Organizing SE GeneScoreMatrix from ArrowFile : Lowseq.arrow, 1.583 mins elapsed.

2025-10-28 15:48:05.687441 : se Lowseq, Class = SummarizedExperiment
class: SummarizedExperiment 
dim: 24919 15520 
metadata(0):
assays(1): GeneScoreMatrix
rownames: NULL
rowData names(6): seqnames start ... name idx
colnames(15520): Lowseq#TCTCGGAATGAGTAGC-1 Lowseq#TAGTCTCCATGCAACC-1 ...
  Lowseq#GATAGTCGCAGATACG-1 Lowseq#TGGTGGTAGCAATCCT-1
colData names(15): BlacklistRatio DoubletEnrichment ... Sample TSSEnrichment

2025-10-28 15:48:05.69626 : Completed GeneScoreMatrix : Lowseq(2 of 2), 1.802 mins elapsed.

2025-10-28 15:48:52.231797 : mat Deepseq, Class = dgCMatrix
mat Deepseq: nRows = 24919, nCols = 16155
mat Deepseq: NonZeroEntries = 328605031, EntryRange = [ 0.003 , 147.324 ]
5 x 5 sparse Matrix of class "dgCMatrix"
     Deepseq#TCTCGGAATGAGTAGC-1 Deepseq#ATCCATCGATGCAACC-1 Deepseq#CTGCAGATTGAGTAGC-1
[1,]                      .                          .                          .    
[2,]                      .                          .                          .    
[3,]                      .                          .                          .    
[4,]                      0.144                      0.128                      0.163
[5,]                      0.218                      0.170                      0.266
     Deepseq#TAGTCTCCATGCAACC-1 Deepseq#TACTGGACATGCAACC-1
[1,]                      .                          .    
[2,]                      .                          .    
[3,]                      .                          .    
[4,]                      0.150                      0.205
[5,]                      0.253                      0.249


2025-10-28 15:48:55.384223 : Organizing SE GeneScoreMatrix from ArrowFile : Deepseq.arrow, 2.421 mins elapsed.

2025-10-28 15:49:00.664448 : se Deepseq, Class = SummarizedExperiment
class: SummarizedExperiment 
dim: 24919 16155 
metadata(0):
assays(1): GeneScoreMatrix
rownames: NULL
rowData names(6): seqnames start ... name idx
colnames(16155): Deepseq#TCTCGGAATGAGTAGC-1 Deepseq#ATCCATCGATGCAACC-1 ...
  Deepseq#CCATAACGATTCGCAC-1 Deepseq#CTTACACCCTACATGG-1
colData names(15): BlacklistRatio DoubletEnrichment ... Sample TSSEnrichment

2025-10-28 15:49:00.67372 : Completed GeneScoreMatrix : Deepseq(1 of 2), 2.719 mins elapsed.
2025-10-28 15:50:02.122818 : Organizing colData, 3.289 mins elapsed.
2025-10-28 15:50:02.195767 : Organizing rowData, 3.744 mins elapsed.
2025-10-28 15:50:02.19973 : Organizing rowRanges, 3.744 mins elapsed.
2025-10-28 15:50:02.207726 : Organizing Assays (1 of 1), 3.744 mins elapsed.
2025-10-28 15:50:27.843044 : Constructing SummarizedExperiment, 4.152 mins elapsed.
2025-10-28 15:50:31.245886 : Finished Matrix Creation, 4.212 mins elapsed.
