Job started at Tue Apr 14 16:32:29 EDT 2026
[2026-04-14 16:32:30,077] INFO     Monopogen.py Get feature information from sequencing data...
[2026-04-14 16:37:38,798] INFO     Monopogen.py Success! See instructions above.
[2026-04-14 16:37:39,703] INFO     Monopogen.py Collect single cell level information from sequencing data...
[2026-04-14 16:51:02,213] INFO     Monopogen.py Success! See instructions above.
[2026-04-14 16:51:03,100] INFO     Monopogen.py Run LD refinement ...

Attaching package: ‘ggplot2’

The following object is masked from ‘package:e1071’:

    element


Attaching package: ‘reshape2’

The following objects are masked from ‘package:data.table’:

    dcast, melt

`geom_smooth()` using method = 'loess' and formula = 'y ~ x'
[2026-04-14 16:55:11,967] INFO     Monopogen.py Success! See instructions above.
Job started at Fri Apr 17 21:35:19 EDT 2026
[2026-04-17 21:35:20,449] INFO     Monopogen.py Get feature information from sequencing data...
[2026-04-17 21:39:59,228] INFO     Monopogen.py Success! See instructions above.
[2026-04-17 21:40:00,265] INFO     Monopogen.py Collect single cell level information from sequencing data...
[2026-04-18 01:31:56,858] INFO     Monopogen.py Success! See instructions above.
[2026-04-18 01:31:58,355] INFO     Monopogen.py Run LD refinement ...

Attaching package: ‘ggplot2’

The following object is masked from ‘package:e1071’:

    element


Attaching package: ‘reshape2’

The following objects are masked from ‘package:data.table’:

    dcast, melt

`geom_smooth()` using method = 'loess' and formula = 'y ~ x'
[2026-04-18 02:07:29,769] INFO     Monopogen.py Success! See instructions above.
