Job started at Tue Apr 14 15:28:38 EDT 2026
[2026-04-14 15:28:39,438] INFO     Monopogen.py Get feature information from sequencing data...
[2026-04-14 15:34:44,644] INFO     Monopogen.py Success! See instructions above.
[2026-04-14 15:34:45,534] INFO     Monopogen.py Collect single cell level information from sequencing data...
[2026-04-14 15:50:03,960] INFO     Monopogen.py Success! See instructions above.
[2026-04-14 15:50:04,851] INFO     Monopogen.py Run LD refinement ...

Attaching package: ‘ggplot2’

The following object is masked from ‘package:e1071’:

    element


Attaching package: ‘reshape2’

The following objects are masked from ‘package:data.table’:

    dcast, melt

`geom_smooth()` using method = 'loess' and formula = 'y ~ x'
[2026-04-14 15:56:13,743] INFO     Monopogen.py Success! See instructions above.
Job started at Fri Apr 17 11:16:06 EDT 2026
[2026-04-17 11:16:07,186] INFO     Monopogen.py Get feature information from sequencing data...
[2026-04-17 11:21:39,906] INFO     Monopogen.py Success! See instructions above.
[2026-04-17 11:21:40,849] INFO     Monopogen.py Collect single cell level information from sequencing data...
[2026-04-17 15:26:27,590] INFO     Monopogen.py Success! See instructions above.
[2026-04-17 15:26:28,548] INFO     Monopogen.py Run LD refinement ...

Attaching package: ‘ggplot2’

The following object is masked from ‘package:e1071’:

    element


Attaching package: ‘reshape2’

The following objects are masked from ‘package:data.table’:

    dcast, melt

`geom_smooth()` using method = 'loess' and formula = 'y ~ x'
[2026-04-17 16:10:00,115] INFO     Monopogen.py Success! See instructions above.
