Job started at Tue Apr 14 15:55:05 EDT 2026
[2026-04-14 15:55:06,633] INFO     Monopogen.py Get feature information from sequencing data...
[2026-04-14 16:00:38,010] INFO     Monopogen.py Success! See instructions above.
[2026-04-14 16:00:38,913] INFO     Monopogen.py Collect single cell level information from sequencing data...
[2026-04-14 16:14:55,926] INFO     Monopogen.py Success! See instructions above.
[2026-04-14 16:14:56,849] INFO     Monopogen.py Run LD refinement ...

Attaching package: ‘ggplot2’

The following object is masked from ‘package:e1071’:

    element


Attaching package: ‘reshape2’

The following objects are masked from ‘package:data.table’:

    dcast, melt

`geom_smooth()` using method = 'loess' and formula = 'y ~ x'
[2026-04-14 16:20:03,389] INFO     Monopogen.py Success! See instructions above.
Job started at Fri Apr 17 16:12:30 EDT 2026
[2026-04-17 16:12:31,829] INFO     Monopogen.py Get feature information from sequencing data...
[2026-04-17 16:18:17,158] INFO     Monopogen.py Success! See instructions above.
[2026-04-17 16:18:18,172] INFO     Monopogen.py Collect single cell level information from sequencing data...
[2026-04-17 20:49:34,705] INFO     Monopogen.py Success! See instructions above.
[2026-04-17 20:49:38,058] INFO     Monopogen.py Run LD refinement ...

Attaching package: ‘ggplot2’

The following object is masked from ‘package:e1071’:

    element


Attaching package: ‘reshape2’

The following objects are masked from ‘package:data.table’:

    dcast, melt

`geom_smooth()` using method = 'loess' and formula = 'y ~ x'
[2026-04-17 21:33:06,007] INFO     Monopogen.py Success! See instructions above.
