Job started at Tue Apr 14 16:22:00 EDT 2026
[2026-04-14 16:22:01,898] INFO     Monopogen.py Get feature information from sequencing data...
[2026-04-14 16:32:59,914] INFO     Monopogen.py Success! See instructions above.
[2026-04-14 16:33:00,821] INFO     Monopogen.py Collect single cell level information from sequencing data...
[2026-04-14 17:01:59,531] INFO     Monopogen.py Success! See instructions above.
[2026-04-14 17:02:00,580] INFO     Monopogen.py Run LD refinement ...

Attaching package: ‘ggplot2’

The following object is masked from ‘package:e1071’:

    element


Attaching package: ‘reshape2’

The following objects are masked from ‘package:data.table’:

    dcast, melt

`geom_smooth()` using method = 'loess' and formula = 'y ~ x'
[2026-04-14 17:13:21,842] INFO     Monopogen.py Success! See instructions above.
Job started at Fri Apr 17 19:11:53 EDT 2026
[2026-04-17 19:11:59,037] INFO     Monopogen.py Get feature information from sequencing data...
[2026-04-17 19:22:33,393] INFO     Monopogen.py Success! See instructions above.
[2026-04-17 19:22:34,287] INFO     Monopogen.py Collect single cell level information from sequencing data...
[2026-04-18 01:01:31,919] INFO     Monopogen.py Success! See instructions above.
[2026-04-18 01:01:32,822] INFO     Monopogen.py Run LD refinement ...

Attaching package: ‘ggplot2’

The following object is masked from ‘package:e1071’:

    element


Attaching package: ‘reshape2’

The following objects are masked from ‘package:data.table’:

    dcast, melt

`geom_smooth()` using method = 'loess' and formula = 'y ~ x'
[2026-04-18 02:05:34,541] INFO     Monopogen.py Success! See instructions above.
