Job started at Tue Apr 14 16:22:00 EDT 2026
[2026-04-14 16:22:01,898] INFO     Monopogen.py Get feature information from sequencing data...
[2026-04-14 16:39:12,950] INFO     Monopogen.py Success! See instructions above.
[2026-04-14 16:39:13,869] INFO     Monopogen.py Collect single cell level information from sequencing data...
[2026-04-14 16:56:40,131] INFO     Monopogen.py Success! See instructions above.
[2026-04-14 16:56:41,030] INFO     Monopogen.py Run LD refinement ...

Attaching package: ‘ggplot2’

The following object is masked from ‘package:e1071’:

    element


Attaching package: ‘reshape2’

The following objects are masked from ‘package:data.table’:

    dcast, melt

`geom_smooth()` using method = 'loess' and formula = 'y ~ x'
[2026-04-14 17:05:24,012] INFO     Monopogen.py Success! See instructions above.
Job started at Fri Apr 17 20:45:49 EDT 2026
[2026-04-17 20:45:56,719] INFO     Monopogen.py Get feature information from sequencing data...
[2026-04-17 21:03:24,096] INFO     Monopogen.py Success! See instructions above.
[2026-04-17 21:03:25,968] INFO     Monopogen.py Collect single cell level information from sequencing data...
[2026-04-18 00:50:12,323] INFO     Monopogen.py Success! See instructions above.
[2026-04-18 00:50:13,522] INFO     Monopogen.py Run LD refinement ...

Attaching package: ‘ggplot2’

The following object is masked from ‘package:e1071’:

    element


Attaching package: ‘reshape2’

The following objects are masked from ‘package:data.table’:

    dcast, melt

`geom_smooth()` using method = 'loess' and formula = 'y ~ x'
[2026-04-18 01:25:19,184] INFO     Monopogen.py Success! See instructions above.
