========================================
Starting LD Refinement Analysis
Region: chr13 
========================================

[Main] Reading input file: /projectnb/paxlab/presh/projects/spatial_atac/Data/variant_calling/deepseq/somatic/chr13.gl.filter.hc.cell.mat.gz 
[Main] Loaded 101515 rows x 137 columns
[Main] Initial SNV+INDEL count: 101515 

[Main] Filtering SNVs (removing INDELs)...
[Main] After filtering:  95565 SNVs remain
[Main]   -> Removed 5950 indels

[Main] Reading cell filter file...
[Main] Processing variant metadata...
[Main]   -> SNVs with genotype=0|0: 11800 
[Main]   -> SNVs with genotype=.|.: 7419 
[Main]   -> SNVs with other genotypes: 76346 

[Main] Computing cell-level depth information...
[Main]   -> Using vectorized operations (fast mode)...
[Main]   -> Extracting and parsing genotypes...
[Main]   -> Processed 95565 variants

[Main] Saving allSNVs metadata...
[Main] Filtering multi-allelic loci...
[Main]   -> Found 1036 multi-allelic positions with 2088 variants
[Main] After filtering: 94150 variants remain
[Main]   -> Removed 1415 variants from multi-allelic loci

[Main] Checking sequencing depth concordance...
[Main]   -> Concordance cutoff: 1e+06 (alt depth discordance)
[Main]   -> Removed 0 somatic +  0 germline variants with depth discordance

[Main] Final variant count: 94150 

[Main] Running SNV block identification...
  [SNV_block] Counting germline SNV blocks...
  [SNV_block] Found 3416 germline SNV blocks
[Main] Preparing SVM training data...
  [SVM_prepare] Preparing positive/negative labels...
  [SVM_prepare] Positive variants: 88084 | Negative variants: 1963 | Test variants: 4103 
[Main] Final variant counts before SVM training:
[Main]   -> Positive (germline) variants:  88084 
[Main]   -> Negative (somatic/test) variants:  1963 
[Main]   -> Test variants (unknown):  4103 

[Main] Training SVM classifier...
  [SVM_train] Starting SVM training...
  [SVM_train] Using 8 features: QS, VDB, SGB, RPB, MQB, MQSB, BQB, MQ0F 
  [SVM_train] Creating feature distribution plot...
  [SVM_train] Feature plot saved
  [SVM_train] Training SVM model...
  [SVM_train] Making predictions on test set...
  [SVM_train] SVM training completed
[Main] Phasing alleles at single-cell resolution..
[Main] Extracting cell data and genotypes..
[Main] Processing phasing in memory-efficient chunks..
[Main]   -> Processing rows 1 to 10000 
[Main]   -> Processing rows 10001 to 20000 
[Main]   -> Processing rows 20001 to 30000 
[Main]   -> Processing rows 30001 to 40000 
[Main]   -> Processing rows 40001 to 50000 
[Main]   -> Processing rows 50001 to 60000 
[Main]   -> Processing rows 60001 to 70000 
[Main]   -> Processing rows 70001 to 80000 
[Main]   -> Processing rows 80001 to 90000 
[Main]   -> Processing rows 90001 to 94150 
[Main] Phasing complete

[Main] Running somatic LD refinement...
[Main] === CRITICAL DECISION POINT ===
[Main] Checking germline variant count for LD refinement...
[Main]   -> SVM Positive (Germline) variants available:  88084 
[Main]   -> SVM Test (Putative Somatic) variants:  4103 
[Main]   -> Minimum germline variants required: 50
[Main]   -> DECISION: PROCEED with LD refinement (sufficient germline variants)

[Main] Raw data in somaticLD function will compute:
  [somaticLD] Starting LD refinement analysis...
  [somaticLD] Creating ID indices...
  [somaticLD] Total variants: 92187 | Germline: 88084 | Somatic: 4103 
  [somaticLD] Minimum required germline variants:  50 
  [somaticLD] Found germline variants:  88084 
  [somaticLD] STATUS: Proceeding with LD refinement
  [somaticLD] Computing twoloci patterns...
  [somaticLD] Computing twoloci patterns...
  [twoloci] Processing two-loci LD patterns...
  [twoloci]   -> Matrix dimensions: 92187 x 119 
  [twoloci]   -> Germline indices: 88084 
  [twoloci]   -> Somatic indices: 4103 
    [twoloci] Progress:  9 %
    [twoloci] Progress:  18 %
    [twoloci] Progress:  28 %
    [twoloci] Progress:  37 %
    [twoloci] Progress:  46 %
    [twoloci] Progress:  55 %
    [twoloci] Progress:  65 %
    [twoloci] Progress:  74 %
    [twoloci] Progress:  83 %
    [twoloci] Progress:  92 %
  [twoloci] Found 4102 somatic positions
  [somaticLD]   -> twoloci computation completed
  [somaticLD] Computing trioloci patterns...
  [trioloci] Processing trio-loci LD patterns...
  [trioloci]   -> Matrix dimensions: 92187 x 119 
  [trioloci]   -> Germline indices: 88084 
  [trioloci]   -> Somatic indices: 4103 
    [trioloci] Progress:  9 %
    [trioloci] Progress:  18 %
    [trioloci] Progress:  28 %
    [trioloci] Progress:  37 %
    [trioloci] Progress:  46 %
    [trioloci] Progress:  55 %
    [trioloci] Progress:  65 %
    [trioloci] Progress:  74 %
    [trioloci] Progress:  83 %
    [trioloci] Progress:  92 %
  [trioloci] Found 4044 somatic positions
  [somaticLD]   -> trioloci computation completed
  [somaticLD] Calculating p-values...
  [somaticLD]   -> p-value calculation completed
  [somaticLD] Mapping LD scores to test variants...
  [somaticLD]   -> Test variants to map:  4103 
  [somaticLD]   -> LD refined somatic variants:  4103 
    [somaticLD] Progress:  10 %
    [somaticLD] Progress:  20 %
    [somaticLD] Progress:  30 %
    [somaticLD] Progress:  40 %
    [somaticLD] Progress:  50 %
    [somaticLD] Progress:  60 %
    [somaticLD] Progress:  70 %
    [somaticLD] Progress:  80 %
    [somaticLD] Progress:  90 %
    [somaticLD] Progress:  100 %
  [somaticLD]   -> Successfully mapped:  4103 / 4103  variants

  [somaticLD] Creating LD germline reference plot...
  [somaticLD]   -> Plot saved successfully
  [somaticLD] LD refinement completed
[Main] Preparing final output matrices...
[Main]   -> Final somatic variants:  4103 
[Main]   -> dt_phase rows:  94150 
[Main]   -> Matching rows in dt_phase:  4103 / 4103 
[Main]   -> Successfully extracted  4103  variants to mut_mat
[Main] Saving results...
[Main]   -> Saved .putativeSNVs.csv
[Main]   -> Saved .germlineTwoLoci_model.csv
[Main]   -> Saved .germlineTrioLoci_model.csv
[Main]   -> Saved .SNV_mat.RDS
[Main] Saving diagnostic report...
[Main]   -> Diagnostic log saved to: /projectnb/paxlab/presh/projects/spatial_atac/Data/variant_calling/deepseq/somatic/chr13.diagnostics.csv 

========================================
LD Refinement Analysis Complete!
Results saved to: /projectnb/paxlab/presh/projects/spatial_atac/Data/variant_calling/deepseq/somatic/ 
========================================
[Main] EXIT STATUS: SUCCESS (exit code 0)
========================================
Rscript /projectnb/paxlab/presh/software/Monopogen/apps/../src/LDrefinement.R  /projectnb/paxlab/presh/projects/spatial_atac/Data/variant_calling/deepseq/somatic/chr13.gl.filter.hc.cell.mat.gz /projectnb/paxlab/presh/projects/spatial_atac/Data/variant_calling/deepseq/somatic/ chr13
========================================
Starting LD Refinement Analysis
Region: chr13 
========================================

[Main] Reading input file: /projectnb/paxlab/presh/projects/spatial_atac/Data/variant_calling/deepseq/somatic/chr13.gl.filter.hc.cell.mat.gz 
[Main] Loaded 101512 rows x 16173 columns
[Main] Initial SNV+INDEL count: 101512 

[Main] Filtering SNVs (removing INDELs)...
[Main] After filtering:  95563 SNVs remain
[Main]   -> Removed 5949 indels

[Main] Reading cell filter file...
[Main] Processing variant metadata...
[Main]   -> SNVs with genotype=0|0: 11800 
[Main]   -> SNVs with genotype=.|.: 7419 
[Main]   -> SNVs with other genotypes: 76344 

[Main] Computing cell-level depth information...
[Main]   -> Using vectorized operations (fast mode)...
[Main]   -> Extracting and parsing genotypes...
[Main]   -> Processed 95563 variants

[Main] Saving allSNVs metadata...
[Main] Filtering multi-allelic loci...
[Main]   -> Found 1036 multi-allelic positions with 2088 variants
[Main] After filtering: 94148 variants remain
[Main]   -> Removed 1415 variants from multi-allelic loci

[Main] Checking sequencing depth concordance...
[Main]   -> Concordance cutoff: 1e+06 (alt depth discordance)
[Main]   -> Removed 0 somatic +  0 germline variants with depth discordance

[Main] Final variant count: 94148 

[Main] Running SNV block identification...
  [SNV_block] Counting germline SNV blocks...
  [SNV_block] Found 3416 germline SNV blocks
[Main] Preparing SVM training data...
  [SVM_prepare] Preparing positive/negative labels...
  [SVM_prepare] Positive variants: 88082 | Negative variants: 1963 | Test variants: 4103 
[Main] Final variant counts before SVM training:
[Main]   -> Positive (germline) variants:  88082 
[Main]   -> Negative (somatic/test) variants:  1963 
[Main]   -> Test variants (unknown):  4103 

[Main] Training SVM classifier...
  [SVM_train] Starting SVM training...
  [SVM_train] Using 8 features: QS, VDB, SGB, RPB, MQB, MQSB, BQB, MQ0F 
  [SVM_train] Creating feature distribution plot...
  [SVM_train] Feature plot saved
  [SVM_train] Training SVM model...
  [SVM_train] Making predictions on test set...
  [SVM_train] SVM training completed
[Main] Phasing alleles at single-cell resolution..
[Main] Extracting cell data and genotypes..
[Main] Processing phasing in memory-efficient chunks..
[Main]   -> Processing rows 1 to 10000 
[Main]   -> Processing rows 10001 to 20000 
[Main]   -> Processing rows 20001 to 30000 
[Main]   -> Processing rows 30001 to 40000 
[Main]   -> Processing rows 40001 to 50000 
[Main]   -> Processing rows 50001 to 60000 
[Main]   -> Processing rows 60001 to 70000 
[Main]   -> Processing rows 70001 to 80000 
[Main]   -> Processing rows 80001 to 90000 
[Main]   -> Processing rows 90001 to 94148 
[Main] Phasing complete

[Main] Running somatic LD refinement...
[Main] === CRITICAL DECISION POINT ===
[Main] Checking germline variant count for LD refinement...
[Main]   -> SVM Positive (Germline) variants available:  88082 
[Main]   -> SVM Test (Putative Somatic) variants:  4103 
[Main]   -> Minimum germline variants required: 50
[Main]   -> DECISION: PROCEED with LD refinement (sufficient germline variants)

[Main] Raw data in somaticLD function will compute:
  [somaticLD] Starting LD refinement analysis...
  [somaticLD] Creating ID indices...
  [somaticLD] Total variants: 92185 | Germline: 88082 | Somatic: 4103 
  [somaticLD] Minimum required germline variants:  50 
  [somaticLD] Found germline variants:  88082 
  [somaticLD] STATUS: Proceeding with LD refinement
  [somaticLD] Computing twoloci patterns...
  [somaticLD] Computing twoloci patterns...
  [twoloci] Processing two-loci LD patterns...
  [twoloci]   -> Matrix dimensions: 92185 x 16155 
  [twoloci]   -> Germline indices: 88082 
  [twoloci]   -> Somatic indices: 4103 
    [twoloci] Progress:  10 %
    [twoloci] Progress:  20 %
    [twoloci] Progress:  30 %
    [twoloci] Progress:  40 %
    [twoloci] Progress:  50 %
    [twoloci] Progress:  60 %
    [twoloci] Progress:  70 %
    [twoloci] Progress:  80 %
    [twoloci] Progress:  90 %
    [twoloci] Progress:  100 %
  [twoloci] Found 4097 somatic positions
  [somaticLD]   -> twoloci computation completed
  [somaticLD] Computing trioloci patterns...
  [trioloci] Processing trio-loci LD patterns...
  [trioloci]   -> Matrix dimensions: 92185 x 16155 
  [trioloci]   -> Germline indices: 88082 
  [trioloci]   -> Somatic indices: 4103 
    [trioloci] Progress:  10 %
    [trioloci] Progress:  20 %
    [trioloci] Progress:  30 %
    [trioloci] Progress:  40 %
    [trioloci] Progress:  50 %
    [trioloci] Progress:  60 %
    [trioloci] Progress:  70 %
    [trioloci] Progress:  80 %
    [trioloci] Progress:  90 %
    [trioloci] Progress:  100 %
  [trioloci] Found 4084 somatic positions
  [somaticLD]   -> trioloci computation completed
  [somaticLD] Calculating p-values...
  [somaticLD]   -> p-value calculation completed
  [somaticLD] Mapping LD scores to test variants...
  [somaticLD]   -> Test variants to map:  4103 
  [somaticLD]   -> LD refined somatic variants:  4103 
    [somaticLD] Progress:  10 %
    [somaticLD] Progress:  20 %
    [somaticLD] Progress:  30 %
    [somaticLD] Progress:  40 %
    [somaticLD] Progress:  50 %
    [somaticLD] Progress:  60 %
    [somaticLD] Progress:  70 %
    [somaticLD] Progress:  80 %
    [somaticLD] Progress:  90 %
    [somaticLD] Progress:  100 %
  [somaticLD]   -> Successfully mapped:  4103 / 4103  variants

  [somaticLD] Creating LD germline reference plot...
  [somaticLD]   -> Plot saved successfully
  [somaticLD] LD refinement completed
[Main] Preparing final output matrices...
[Main]   -> Final somatic variants:  4103 
[Main]   -> dt_phase rows:  94148 
[Main]   -> Matching rows in dt_phase:  4103 / 4103 
[Main]   -> Successfully extracted  4103  variants to mut_mat
[Main] Saving results...
[Main]   -> Saved .putativeSNVs.csv
[Main]   -> Saved .germlineTwoLoci_model.csv
[Main]   -> Saved .germlineTrioLoci_model.csv
[Main]   -> Saved .SNV_mat.RDS
[Main] Saving diagnostic report...
[Main]   -> Diagnostic log saved to: /projectnb/paxlab/presh/projects/spatial_atac/Data/variant_calling/deepseq/somatic/chr13.diagnostics.csv 

========================================
LD Refinement Analysis Complete!
Results saved to: /projectnb/paxlab/presh/projects/spatial_atac/Data/variant_calling/deepseq/somatic/ 
========================================
[Main] EXIT STATUS: SUCCESS (exit code 0)
========================================
Rscript /projectnb/paxlab/presh/software/Monopogen/apps/../src/LDrefinement.R  /projectnb/paxlab/presh/projects/spatial_atac/Data/variant_calling/deepseq/somatic/chr13.gl.filter.hc.cell.mat.gz /projectnb/paxlab/presh/projects/spatial_atac/Data/variant_calling/deepseq/somatic/ chr13
