Job started at Tue Apr 14 17:16:10 EDT 2026
[2026-04-14 17:16:11,582] INFO     Monopogen.py Get feature information from sequencing data...
[2026-04-14 17:21:56,333] INFO     Monopogen.py Success! See instructions above.
[2026-04-14 17:21:57,334] INFO     Monopogen.py Collect single cell level information from sequencing data...
[2026-04-14 17:36:46,657] INFO     Monopogen.py Success! See instructions above.
[2026-04-14 17:36:47,585] INFO     Monopogen.py Run LD refinement ...

Attaching package: ‘ggplot2’

The following object is masked from ‘package:e1071’:

    element


Attaching package: ‘reshape2’

The following objects are masked from ‘package:data.table’:

    dcast, melt

`geom_smooth()` using method = 'loess' and formula = 'y ~ x'
[2026-04-14 17:43:48,471] INFO     Monopogen.py Success! See instructions above.
Job started at Sat Apr 18 00:51:01 EDT 2026
[2026-04-18 00:51:11,524] INFO     Monopogen.py Get feature information from sequencing data...
[2026-04-18 00:58:34,379] INFO     Monopogen.py Success! See instructions above.
[2026-04-18 00:58:36,462] INFO     Monopogen.py Collect single cell level information from sequencing data...
[2026-04-18 04:59:11,389] INFO     Monopogen.py Success! See instructions above.
[2026-04-18 04:59:15,023] INFO     Monopogen.py Run LD refinement ...

Attaching package: ‘ggplot2’

The following object is masked from ‘package:e1071’:

    element


Attaching package: ‘reshape2’

The following objects are masked from ‘package:data.table’:

    dcast, melt

`geom_smooth()` using method = 'loess' and formula = 'y ~ x'
[2026-04-18 05:40:32,803] INFO     Monopogen.py Success! See instructions above.
