Job started at Tue Apr 14 17:12:28 EDT 2026
[2026-04-14 17:12:29,399] INFO     Monopogen.py Get feature information from sequencing data...
[2026-04-14 17:28:37,376] INFO     Monopogen.py Success! See instructions above.
[2026-04-14 17:28:38,308] INFO     Monopogen.py Collect single cell level information from sequencing data...
[2026-04-14 18:09:33,436] INFO     Monopogen.py Success! See instructions above.
[2026-04-14 18:09:34,382] INFO     Monopogen.py Run LD refinement ...

Attaching package: ‘ggplot2’

The following object is masked from ‘package:e1071’:

    element


Attaching package: ‘reshape2’

The following objects are masked from ‘package:data.table’:

    dcast, melt

`geom_smooth()` using method = 'loess' and formula = 'y ~ x'
[2026-04-14 19:46:16,472] INFO     Monopogen.py Success! See instructions above.
Job started at Sat Apr 18 00:51:01 EDT 2026
[2026-04-18 00:51:11,524] INFO     Monopogen.py Get feature information from sequencing data...
[2026-04-18 01:13:44,274] INFO     Monopogen.py Success! See instructions above.
[2026-04-18 01:13:46,847] INFO     Monopogen.py Collect single cell level information from sequencing data...
[2026-04-18 14:04:06,953] INFO     Monopogen.py Success! See instructions above.
[2026-04-18 14:04:10,133] INFO     Monopogen.py Run LD refinement ...

Attaching package: ‘ggplot2’

The following object is masked from ‘package:e1071’:

    element


Attaching package: ‘reshape2’

The following objects are masked from ‘package:data.table’:

    dcast, melt

`geom_smooth()` using method = 'loess' and formula = 'y ~ x'
[2026-04-18 18:30:38,013] INFO     Monopogen.py Success! See instructions above.
