========================================
Starting LD Refinement Analysis
Region: chr21 
========================================

[Main] Reading input file: /projectnb/paxlab/presh/projects/spatial_atac/Data/variant_calling/deepseq/somatic/chr21.gl.filter.hc.cell.mat.gz 
[Main] Loaded 51696 rows x 137 columns
[Main] Initial SNV+INDEL count: 51696 

[Main] Filtering SNVs (removing INDELs)...
[Main] After filtering:  48871 SNVs remain
[Main]   -> Removed 2825 indels

[Main] Reading cell filter file...
[Main] Processing variant metadata...
[Main]   -> SNVs with genotype=0|0: 5763 
[Main]   -> SNVs with genotype=.|.: 7562 
[Main]   -> SNVs with other genotypes: 35546 

[Main] Computing cell-level depth information...
[Main]   -> Using vectorized operations (fast mode)...
[Main]   -> Extracting and parsing genotypes...
[Main]   -> Processed 48871 variants

[Main] Saving allSNVs metadata...
[Main] Filtering multi-allelic loci...
[Main]   -> Found 702 multi-allelic positions with 1418 variants
[Main] After filtering: 47850 variants remain
[Main]   -> Removed 1021 variants from multi-allelic loci

[Main] Checking sequencing depth concordance...
[Main]   -> Concordance cutoff: 1e+06 (alt depth discordance)
[Main]   -> Removed 0 somatic +  0 germline variants with depth discordance

[Main] Final variant count: 47850 

[Main] Running SNV block identification...
  [SNV_block] Counting germline SNV blocks...
  [SNV_block] Found 1843 germline SNV blocks
[Main] Preparing SVM training data...
  [SVM_prepare] Preparing positive/negative labels...
  [SVM_prepare] Positive variants: 41275 | Negative variants: 3273 | Test variants: 3302 
[Main] Final variant counts before SVM training:
[Main]   -> Positive (germline) variants:  41275 
[Main]   -> Negative (somatic/test) variants:  3273 
[Main]   -> Test variants (unknown):  3302 

[Main] Training SVM classifier...
  [SVM_train] Starting SVM training...
  [SVM_train] Using 8 features: QS, VDB, SGB, RPB, MQB, MQSB, BQB, MQ0F 
  [SVM_train] Creating feature distribution plot...
  [SVM_train] Feature plot saved
  [SVM_train] Training SVM model...
  [SVM_train] Making predictions on test set...
  [SVM_train] SVM training completed
[Main] Phasing alleles at single-cell resolution..
[Main] Extracting cell data and genotypes..
[Main] Processing phasing in memory-efficient chunks..
[Main]   -> Processing rows 1 to 10000 
[Main]   -> Processing rows 10001 to 20000 
[Main]   -> Processing rows 20001 to 30000 
[Main]   -> Processing rows 30001 to 40000 
[Main]   -> Processing rows 40001 to 47850 
[Main] Phasing complete

[Main] Running somatic LD refinement...
[Main] === CRITICAL DECISION POINT ===
[Main] Checking germline variant count for LD refinement...
[Main]   -> SVM Positive (Germline) variants available:  41275 
[Main]   -> SVM Test (Putative Somatic) variants:  3302 
[Main]   -> Minimum germline variants required: 50
[Main]   -> DECISION: PROCEED with LD refinement (sufficient germline variants)

[Main] Raw data in somaticLD function will compute:
  [somaticLD] Starting LD refinement analysis...
  [somaticLD] Creating ID indices...
  [somaticLD] Total variants: 44577 | Germline: 41275 | Somatic: 3302 
  [somaticLD] Minimum required germline variants:  50 
  [somaticLD] Found germline variants:  41275 
  [somaticLD] STATUS: Proceeding with LD refinement
  [somaticLD] Computing twoloci patterns...
  [somaticLD] Computing twoloci patterns...
  [twoloci] Processing two-loci LD patterns...
  [twoloci]   -> Matrix dimensions: 44577 x 119 
  [twoloci]   -> Germline indices: 41275 
  [twoloci]   -> Somatic indices: 3302 
    [twoloci] Progress:  9 %
    [twoloci] Progress:  18 %
    [twoloci] Progress:  28 %
    [twoloci] Progress:  37 %
    [twoloci] Progress:  46 %
    [twoloci] Progress:  55 %
    [twoloci] Progress:  65 %
    [twoloci] Progress:  74 %
    [twoloci] Progress:  83 %
    [twoloci] Progress:  92 %
  [twoloci] Found 3298 somatic positions
  [somaticLD]   -> twoloci computation completed
  [somaticLD] Computing trioloci patterns...
  [trioloci] Processing trio-loci LD patterns...
  [trioloci]   -> Matrix dimensions: 44577 x 119 
  [trioloci]   -> Germline indices: 41275 
  [trioloci]   -> Somatic indices: 3302 
    [trioloci] Progress:  9 %
    [trioloci] Progress:  18 %
    [trioloci] Progress:  28 %
    [trioloci] Progress:  37 %
    [trioloci] Progress:  46 %
    [trioloci] Progress:  55 %
    [trioloci] Progress:  65 %
    [trioloci] Progress:  74 %
    [trioloci] Progress:  83 %
    [trioloci] Progress:  92 %
  [trioloci] Found 3266 somatic positions
  [somaticLD]   -> trioloci computation completed
  [somaticLD] Calculating p-values...
  [somaticLD]   -> p-value calculation completed
  [somaticLD] Mapping LD scores to test variants...
  [somaticLD]   -> Test variants to map:  3302 
  [somaticLD]   -> LD refined somatic variants:  3302 
    [somaticLD] Progress:  10 %
    [somaticLD] Progress:  20 %
    [somaticLD] Progress:  30 %
    [somaticLD] Progress:  40 %
    [somaticLD] Progress:  50 %
    [somaticLD] Progress:  60 %
    [somaticLD] Progress:  70 %
    [somaticLD] Progress:  80 %
    [somaticLD] Progress:  90 %
    [somaticLD] Progress:  100 %
  [somaticLD]   -> Successfully mapped:  3302 / 3302  variants

  [somaticLD] Creating LD germline reference plot...
  [somaticLD]   -> Plot saved successfully
  [somaticLD] LD refinement completed
[Main] Preparing final output matrices...
[Main]   -> Final somatic variants:  3302 
[Main]   -> dt_phase rows:  47850 
[Main]   -> Matching rows in dt_phase:  3302 / 3302 
[Main]   -> Successfully extracted  3302  variants to mut_mat
[Main] Saving results...
[Main]   -> Saved .putativeSNVs.csv
[Main]   -> Saved .germlineTwoLoci_model.csv
[Main]   -> Saved .germlineTrioLoci_model.csv
[Main]   -> Saved .SNV_mat.RDS
[Main] Saving diagnostic report...
[Main]   -> Diagnostic log saved to: /projectnb/paxlab/presh/projects/spatial_atac/Data/variant_calling/deepseq/somatic/chr21.diagnostics.csv 

========================================
LD Refinement Analysis Complete!
Results saved to: /projectnb/paxlab/presh/projects/spatial_atac/Data/variant_calling/deepseq/somatic/ 
========================================
[Main] EXIT STATUS: SUCCESS (exit code 0)
========================================
Rscript /projectnb/paxlab/presh/software/Monopogen/apps/../src/LDrefinement.R  /projectnb/paxlab/presh/projects/spatial_atac/Data/variant_calling/deepseq/somatic/chr21.gl.filter.hc.cell.mat.gz /projectnb/paxlab/presh/projects/spatial_atac/Data/variant_calling/deepseq/somatic/ chr21
========================================
Starting LD Refinement Analysis
Region: chr21 
========================================

[Main] Reading input file: /projectnb/paxlab/presh/projects/spatial_atac/Data/variant_calling/deepseq/somatic/chr21.gl.filter.hc.cell.mat.gz 
[Main] Loaded 51696 rows x 16173 columns
[Main] Initial SNV+INDEL count: 51696 

[Main] Filtering SNVs (removing INDELs)...
[Main] After filtering:  48871 SNVs remain
[Main]   -> Removed 2825 indels

[Main] Reading cell filter file...
[Main] Processing variant metadata...
[Main]   -> SNVs with genotype=0|0: 5763 
[Main]   -> SNVs with genotype=.|.: 7562 
[Main]   -> SNVs with other genotypes: 35546 

[Main] Computing cell-level depth information...
[Main]   -> Using vectorized operations (fast mode)...
[Main]   -> Extracting and parsing genotypes...
[Main]   -> Processed 48871 variants

[Main] Saving allSNVs metadata...
[Main] Filtering multi-allelic loci...
[Main]   -> Found 702 multi-allelic positions with 1418 variants
[Main] After filtering: 47850 variants remain
[Main]   -> Removed 1021 variants from multi-allelic loci

[Main] Checking sequencing depth concordance...
[Main]   -> Concordance cutoff: 1e+06 (alt depth discordance)
[Main]   -> Removed 0 somatic +  0 germline variants with depth discordance

[Main] Final variant count: 47850 

[Main] Running SNV block identification...
  [SNV_block] Counting germline SNV blocks...
  [SNV_block] Found 1843 germline SNV blocks
[Main] Preparing SVM training data...
  [SVM_prepare] Preparing positive/negative labels...
  [SVM_prepare] Positive variants: 41275 | Negative variants: 3273 | Test variants: 3302 
[Main] Final variant counts before SVM training:
[Main]   -> Positive (germline) variants:  41275 
[Main]   -> Negative (somatic/test) variants:  3273 
[Main]   -> Test variants (unknown):  3302 

[Main] Training SVM classifier...
  [SVM_train] Starting SVM training...
  [SVM_train] Using 8 features: QS, VDB, SGB, RPB, MQB, MQSB, BQB, MQ0F 
  [SVM_train] Creating feature distribution plot...
  [SVM_train] Feature plot saved
  [SVM_train] Training SVM model...
  [SVM_train] Making predictions on test set...
  [SVM_train] SVM training completed
[Main] Phasing alleles at single-cell resolution..
[Main] Extracting cell data and genotypes..
[Main] Processing phasing in memory-efficient chunks..
[Main]   -> Processing rows 1 to 10000 
[Main]   -> Processing rows 10001 to 20000 
[Main]   -> Processing rows 20001 to 30000 
[Main]   -> Processing rows 30001 to 40000 
[Main]   -> Processing rows 40001 to 47850 
[Main] Phasing complete

[Main] Running somatic LD refinement...
[Main] === CRITICAL DECISION POINT ===
[Main] Checking germline variant count for LD refinement...
[Main]   -> SVM Positive (Germline) variants available:  41275 
[Main]   -> SVM Test (Putative Somatic) variants:  3302 
[Main]   -> Minimum germline variants required: 50
[Main]   -> DECISION: PROCEED with LD refinement (sufficient germline variants)

[Main] Raw data in somaticLD function will compute:
  [somaticLD] Starting LD refinement analysis...
  [somaticLD] Creating ID indices...
  [somaticLD] Total variants: 44577 | Germline: 41275 | Somatic: 3302 
  [somaticLD] Minimum required germline variants:  50 
  [somaticLD] Found germline variants:  41275 
  [somaticLD] STATUS: Proceeding with LD refinement
  [somaticLD] Computing twoloci patterns...
  [somaticLD] Computing twoloci patterns...
  [twoloci] Processing two-loci LD patterns...
  [twoloci]   -> Matrix dimensions: 44577 x 16155 
  [twoloci]   -> Germline indices: 41275 
  [twoloci]   -> Somatic indices: 3302 
    [twoloci] Progress:  10 %
    [twoloci] Progress:  20 %
    [twoloci] Progress:  30 %
    [twoloci] Progress:  40 %
    [twoloci] Progress:  50 %
    [twoloci] Progress:  60 %
    [twoloci] Progress:  70 %
    [twoloci] Progress:  80 %
    [twoloci] Progress:  90 %
    [twoloci] Progress:  100 %
  [twoloci] Found 3272 somatic positions
  [somaticLD]   -> twoloci computation completed
  [somaticLD] Computing trioloci patterns...
  [trioloci] Processing trio-loci LD patterns...
  [trioloci]   -> Matrix dimensions: 44577 x 16155 
  [trioloci]   -> Germline indices: 41275 
  [trioloci]   -> Somatic indices: 3302 
    [trioloci] Progress:  10 %
    [trioloci] Progress:  20 %
    [trioloci] Progress:  30 %
    [trioloci] Progress:  40 %
    [trioloci] Progress:  50 %
    [trioloci] Progress:  60 %
    [trioloci] Progress:  70 %
    [trioloci] Progress:  80 %
    [trioloci] Progress:  90 %
    [trioloci] Progress:  100 %
  [trioloci] Found 3238 somatic positions
  [somaticLD]   -> trioloci computation completed
  [somaticLD] Calculating p-values...
  [somaticLD]   -> p-value calculation completed
  [somaticLD] Mapping LD scores to test variants...
  [somaticLD]   -> Test variants to map:  3302 
  [somaticLD]   -> LD refined somatic variants:  3302 
    [somaticLD] Progress:  10 %
    [somaticLD] Progress:  20 %
    [somaticLD] Progress:  30 %
    [somaticLD] Progress:  40 %
    [somaticLD] Progress:  50 %
    [somaticLD] Progress:  60 %
    [somaticLD] Progress:  70 %
    [somaticLD] Progress:  80 %
    [somaticLD] Progress:  90 %
    [somaticLD] Progress:  100 %
  [somaticLD]   -> Successfully mapped:  3302 / 3302  variants

  [somaticLD] Creating LD germline reference plot...
  [somaticLD]   -> Plot saved successfully
  [somaticLD] LD refinement completed
[Main] Preparing final output matrices...
[Main]   -> Final somatic variants:  3302 
[Main]   -> dt_phase rows:  47850 
[Main]   -> Matching rows in dt_phase:  3302 / 3302 
[Main]   -> Successfully extracted  3302  variants to mut_mat
[Main] Saving results...
[Main]   -> Saved .putativeSNVs.csv
[Main]   -> Saved .germlineTwoLoci_model.csv
[Main]   -> Saved .germlineTrioLoci_model.csv
[Main]   -> Saved .SNV_mat.RDS
[Main] Saving diagnostic report...
[Main]   -> Diagnostic log saved to: /projectnb/paxlab/presh/projects/spatial_atac/Data/variant_calling/deepseq/somatic/chr21.diagnostics.csv 

========================================
LD Refinement Analysis Complete!
Results saved to: /projectnb/paxlab/presh/projects/spatial_atac/Data/variant_calling/deepseq/somatic/ 
========================================
[Main] EXIT STATUS: SUCCESS (exit code 0)
========================================
Rscript /projectnb/paxlab/presh/software/Monopogen/apps/../src/LDrefinement.R  /projectnb/paxlab/presh/projects/spatial_atac/Data/variant_calling/deepseq/somatic/chr21.gl.filter.hc.cell.mat.gz /projectnb/paxlab/presh/projects/spatial_atac/Data/variant_calling/deepseq/somatic/ chr21
