Job started at Tue Apr 14 17:19:10 EDT 2026
[2026-04-14 17:19:11,250] INFO     Monopogen.py Get feature information from sequencing data...
[2026-04-14 17:22:25,623] INFO     Monopogen.py Success! See instructions above.
[2026-04-14 17:22:27,051] INFO     Monopogen.py Collect single cell level information from sequencing data...
[2026-04-14 17:31:01,561] INFO     Monopogen.py Success! See instructions above.
[2026-04-14 17:31:02,947] INFO     Monopogen.py Run LD refinement ...

Attaching package: ‘ggplot2’

The following object is masked from ‘package:e1071’:

    element


Attaching package: ‘reshape2’

The following objects are masked from ‘package:data.table’:

    dcast, melt

`geom_smooth()` using method = 'loess' and formula = 'y ~ x'
[2026-04-14 17:33:58,142] INFO     Monopogen.py Success! See instructions above.
Job started at Sat Apr 18 01:27:17 EDT 2026
[2026-04-18 01:27:18,221] INFO     Monopogen.py Get feature information from sequencing data...
[2026-04-18 01:30:18,934] INFO     Monopogen.py Success! See instructions above.
[2026-04-18 01:30:19,962] INFO     Monopogen.py Collect single cell level information from sequencing data...
[2026-04-18 03:37:01,310] INFO     Monopogen.py Success! See instructions above.
[2026-04-18 03:37:02,373] INFO     Monopogen.py Run LD refinement ...

Attaching package: ‘ggplot2’

The following object is masked from ‘package:e1071’:

    element


Attaching package: ‘reshape2’

The following objects are masked from ‘package:data.table’:

    dcast, melt

`geom_smooth()` using method = 'loess' and formula = 'y ~ x'
[2026-04-18 03:54:43,428] INFO     Monopogen.py Success! See instructions above.
