Job started at Tue Apr 14 17:50:24 EDT 2026
[2026-04-14 17:50:26,316] INFO     Monopogen.py Get feature information from sequencing data...
[2026-04-14 18:04:42,888] INFO     Monopogen.py Success! See instructions above.
[2026-04-14 18:04:44,209] INFO     Monopogen.py Collect single cell level information from sequencing data...
[2026-04-14 18:45:25,323] INFO     Monopogen.py Success! See instructions above.
[2026-04-14 18:45:27,535] INFO     Monopogen.py Run LD refinement ...

Attaching package: ‘ggplot2’

The following object is masked from ‘package:e1071’:

    element


Attaching package: ‘reshape2’

The following objects are masked from ‘package:data.table’:

    dcast, melt

`geom_smooth()` using method = 'loess' and formula = 'y ~ x'
[2026-04-14 19:44:01,955] INFO     Monopogen.py Success! See instructions above.
Job started at Sat Apr 18 02:10:36 EDT 2026
[2026-04-18 02:10:40,374] INFO     Monopogen.py Get feature information from sequencing data...
[2026-04-18 02:24:27,771] INFO     Monopogen.py Success! See instructions above.
[2026-04-18 02:24:29,088] INFO     Monopogen.py Collect single cell level information from sequencing data...
[2026-04-18 11:49:07,766] INFO     Monopogen.py Success! See instructions above.
[2026-04-18 11:49:08,646] INFO     Monopogen.py Run LD refinement ...

Attaching package: ‘ggplot2’

The following object is masked from ‘package:e1071’:

    element


Attaching package: ‘reshape2’

The following objects are masked from ‘package:data.table’:

    dcast, melt

`geom_smooth()` using method = 'loess' and formula = 'y ~ x'
[2026-04-18 14:16:52,990] INFO     Monopogen.py Success! See instructions above.
