Job started at Tue Apr 14 19:27:43 EDT 2026
[2026-04-14 19:27:44,619] INFO     Monopogen.py Get feature information from sequencing data...
[2026-04-14 19:39:40,859] INFO     Monopogen.py Success! See instructions above.
[2026-04-14 19:39:41,734] INFO     Monopogen.py Collect single cell level information from sequencing data...
[2026-04-14 20:10:07,229] INFO     Monopogen.py Success! See instructions above.
[2026-04-14 20:10:08,102] INFO     Monopogen.py Run LD refinement ...

Attaching package: ‘ggplot2’

The following object is masked from ‘package:e1071’:

    element


Attaching package: ‘reshape2’

The following objects are masked from ‘package:data.table’:

    dcast, melt

`geom_smooth()` using method = 'loess' and formula = 'y ~ x'
[2026-04-14 20:47:47,803] INFO     Monopogen.py Success! See instructions above.
Job started at Sat Apr 18 05:41:54 EDT 2026
[2026-04-18 05:41:56,193] INFO     Monopogen.py Get feature information from sequencing data...
[2026-04-18 05:52:37,870] INFO     Monopogen.py Success! See instructions above.
[2026-04-18 05:52:39,211] INFO     Monopogen.py Collect single cell level information from sequencing data...
[2026-04-18 14:06:44,657] INFO     Monopogen.py Success! See instructions above.
[2026-04-18 14:06:46,684] INFO     Monopogen.py Run LD refinement ...

Attaching package: ‘ggplot2’

The following object is masked from ‘package:e1071’:

    element


Attaching package: ‘reshape2’

The following objects are masked from ‘package:data.table’:

    dcast, melt

`geom_smooth()` using method = 'loess' and formula = 'y ~ x'
[2026-04-18 15:47:48,525] INFO     Monopogen.py Success! See instructions above.
