========================================
Job started at Mon Apr 13 00:58:29 EDT 2026
Chromosome: chr1
Node: scc-tb2
========================================
Starting chr1 at Mon Apr 13 00:58:29 EDT 2026
Python: /projectnb/paxlab/presh/env/conda_env/monopgen_env/bin/python
Python version: Python 3.8.20
Running command...
[2026-04-13 00:58:30,472] INFO     Monopogen.py Run LD refinement ...

Attaching package: ‘ggplot2’

The following object is masked from ‘package:e1071’:

    element


Attaching package: ‘reshape2’

The following objects are masked from ‘package:data.table’:

    dcast, melt

Error in if (m < n * p && (m == 0L || (n * p)%%m)) stop(sprintf(ngettext(m,  : 
  missing value where TRUE/FALSE needed
Calls: [<- -> [<-.data.frame
Execution halted
[2026-04-13 07:30:27,980] ERROR    Monopogen.py In LDrefinement step chr1 failed!
[2026-04-13 07:30:27,980] ERROR    Monopogen.py Failed! See instructions above.

Python script exit code: 1
ERROR: chr1 failed with exit code 1 at Mon Apr 13 07:30:28 EDT 2026
========================================
========================================
Job started at Mon Apr 13 10:29:26 EDT 2026
Chromosome: chr1
Node: scc-tb2
========================================
Starting chr1 at Mon Apr 13 10:29:26 EDT 2026
Python: /projectnb/paxlab/presh/env/conda_env/monopgen_env/bin/python
Python version: Python 3.8.20
Running command...
[2026-04-13 10:29:27,817] INFO     Monopogen.py Run LD refinement ...

Attaching package: ‘ggplot2’

The following object is masked from ‘package:e1071’:

    element


Attaching package: ‘reshape2’

The following objects are masked from ‘package:data.table’:

    dcast, melt

Error in if (m < n * p && (m == 0L || (n * p)%%m)) stop(sprintf(ngettext(m,  : 
  missing value where TRUE/FALSE needed
Calls: [<- -> [<-.data.frame
Execution halted
[2026-04-13 11:12:40,241] ERROR    Monopogen.py In LDrefinement step chr1 failed!
[2026-04-13 11:12:40,242] ERROR    Monopogen.py Failed! See instructions above.

Python script exit code: 1
ERROR: chr1 failed with exit code 1 at Mon Apr 13 11:12:40 EDT 2026
========================================
========================================
Job started at Mon Apr 13 11:18:59 EDT 2026
Chromosome: chr1
Node: scc-tc2
========================================
Starting chr1 at Mon Apr 13 11:18:59 EDT 2026
Python: /projectnb/paxlab/presh/env/conda_env/monopgen_env/bin/python
Python version: Python 3.8.20
Running command...
[2026-04-13 11:19:00,959] INFO     Monopogen.py Run LD refinement ...

Attaching package: ‘ggplot2’

The following object is masked from ‘package:e1071’:

    element


Attaching package: ‘reshape2’

The following objects are masked from ‘package:data.table’:

    dcast, melt

`geom_smooth()` using method = 'loess' and formula = 'y ~ x'
[2026-04-13 12:53:44,163] INFO     Monopogen.py Success! See instructions above.

Python script exit code: 0
Finished chr1 successfully at Mon Apr 13 12:53:44 EDT 2026
========================================
