========================================
Job started at Mon Apr 13 00:59:00 EDT 2026
Chromosome: chr17
Node: scc-tc3
========================================
Starting chr17 at Mon Apr 13 00:59:00 EDT 2026
Python: /projectnb/paxlab/presh/env/conda_env/monopgen_env/bin/python
Python version: Python 3.8.20
Running command...
[2026-04-13 00:59:01,269] INFO     Monopogen.py Run LD refinement ...

Attaching package: ‘ggplot2’

The following object is masked from ‘package:e1071’:

    element


Attaching package: ‘reshape2’

The following objects are masked from ‘package:data.table’:

    dcast, melt

`geom_smooth()` using method = 'loess' and formula = 'y ~ x'
[2026-04-13 02:15:37,380] INFO     Monopogen.py Success! See instructions above.

Python script exit code: 0
Finished chr17 successfully at Mon Apr 13 02:15:37 EDT 2026
========================================
