========================================
Job started at Mon Apr 13 00:58:29 EDT 2026
Chromosome: chr15
Node: scc-tc4
========================================
Starting chr15 at Mon Apr 13 00:58:29 EDT 2026
Python: /projectnb/paxlab/presh/env/conda_env/monopgen_env/bin/python
Python version: Python 3.8.20
Running command...
[2026-04-13 00:58:32,664] INFO     Monopogen.py Run LD refinement ...

Attaching package: ‘ggplot2’

The following object is masked from ‘package:e1071’:

    element


Attaching package: ‘reshape2’

The following objects are masked from ‘package:data.table’:

    dcast, melt

`geom_smooth()` using method = 'loess' and formula = 'y ~ x'
[2026-04-13 02:05:22,874] INFO     Monopogen.py Success! See instructions above.

Python script exit code: 0
Finished chr15 successfully at Mon Apr 13 02:05:22 EDT 2026
========================================
