========================================
Job started at Mon Apr 13 01:54:56 EDT 2026
Chromosome: chr2
Node: scc-tc3
========================================
Starting chr2 at Mon Apr 13 01:54:56 EDT 2026
Python: /projectnb/paxlab/presh/env/conda_env/monopgen_env/bin/python
Python version: Python 3.8.20
Running command...
[2026-04-13 01:54:57,431] INFO     Monopogen.py Run LD refinement ...

Attaching package: ‘ggplot2’

The following object is masked from ‘package:e1071’:

    element


Attaching package: ‘reshape2’

The following objects are masked from ‘package:data.table’:

    dcast, melt

Error in if (m < n * p && (m == 0L || (n * p)%%m)) stop(sprintf(ngettext(m,  : 
  missing value where TRUE/FALSE needed
Calls: [<- -> [<-.data.frame
Execution halted
[2026-04-13 05:57:27,434] ERROR    Monopogen.py In LDrefinement step chr2 failed!
[2026-04-13 05:57:27,434] ERROR    Monopogen.py Failed! See instructions above.

Python script exit code: 1
ERROR: chr2 failed with exit code 1 at Mon Apr 13 05:57:27 EDT 2026
========================================
========================================
Job started at Mon Apr 13 10:30:17 EDT 2026
Chromosome: chr2
Node: scc-tb2
========================================
Starting chr2 at Mon Apr 13 10:30:17 EDT 2026
Python: /projectnb/paxlab/presh/env/conda_env/monopgen_env/bin/python
Python version: Python 3.8.20
Running command...
[2026-04-13 10:30:18,704] INFO     Monopogen.py Run LD refinement ...

Attaching package: ‘ggplot2’

The following object is masked from ‘package:e1071’:

    element


Attaching package: ‘reshape2’

The following objects are masked from ‘package:data.table’:

    dcast, melt

Error in if (m < n * p && (m == 0L || (n * p)%%m)) stop(sprintf(ngettext(m,  : 
  missing value where TRUE/FALSE needed
Calls: [<- -> [<-.data.frame
Execution halted
[2026-04-13 11:01:00,404] ERROR    Monopogen.py In LDrefinement step chr2 failed!
[2026-04-13 11:01:00,404] ERROR    Monopogen.py Failed! See instructions above.

Python script exit code: 1
ERROR: chr2 failed with exit code 1 at Mon Apr 13 11:01:00 EDT 2026
========================================
========================================
Job started at Mon Apr 13 11:14:10 EDT 2026
Chromosome: chr2
Node: scc-tc1
========================================
Starting chr2 at Mon Apr 13 11:14:10 EDT 2026
Python: /projectnb/paxlab/presh/env/conda_env/monopgen_env/bin/python
Python version: Python 3.8.20
Running command...
[2026-04-13 11:14:14,209] INFO     Monopogen.py Run LD refinement ...

Attaching package: ‘ggplot2’

The following object is masked from ‘package:e1071’:

    element


Attaching package: ‘reshape2’

The following objects are masked from ‘package:data.table’:

    dcast, melt

`geom_smooth()` using method = 'loess' and formula = 'y ~ x'
[2026-04-13 12:23:08,497] INFO     Monopogen.py Success! See instructions above.

Python script exit code: 0
Finished chr2 successfully at Mon Apr 13 12:23:08 EDT 2026
========================================
