========================================
Job started at Mon Apr 13 03:00:36 EDT 2026
Chromosome: chr7
Node: scc-tc4
========================================
Starting chr7 at Mon Apr 13 03:00:36 EDT 2026
Python: /projectnb/paxlab/presh/env/conda_env/monopgen_env/bin/python
Python version: Python 3.8.20
Running command...
[2026-04-13 03:00:38,175] INFO     Monopogen.py Run LD refinement ...

Attaching package: ‘ggplot2’

The following object is masked from ‘package:e1071’:

    element


Attaching package: ‘reshape2’

The following objects are masked from ‘package:data.table’:

    dcast, melt

`geom_smooth()` using method = 'loess' and formula = 'y ~ x'
[2026-04-13 05:38:50,694] INFO     Monopogen.py Success! See instructions above.

Python script exit code: 0
Finished chr7 successfully at Mon Apr 13 05:38:50 EDT 2026
========================================
