========================================
Job started at Mon Apr 13 03:12:57 EDT 2026
Chromosome: chr9
Node: scc-tc2
========================================
Starting chr9 at Mon Apr 13 03:12:57 EDT 2026
Python: /projectnb/paxlab/presh/env/conda_env/monopgen_env/bin/python
Python version: Python 3.8.20
Running command...
[2026-04-13 03:12:58,560] INFO     Monopogen.py Run LD refinement ...

Attaching package: ‘ggplot2’

The following object is masked from ‘package:e1071’:

    element


Attaching package: ‘reshape2’

The following objects are masked from ‘package:data.table’:

    dcast, melt

`geom_smooth()` using method = 'loess' and formula = 'y ~ x'
[2026-04-13 04:54:28,919] INFO     Monopogen.py Success! See instructions above.

Python script exit code: 0
Finished chr9 successfully at Mon Apr 13 04:54:29 EDT 2026
========================================
